#
# There is insufficient memory for the Java Runtime Environment to continue.
# Native memory allocation (malloc) failed to allocate 1048576 bytes for AllocateHeap
# Possible reasons:
#   The system is out of physical RAM or swap space
#   The process is running with CompressedOops enabled, and the Java Heap may be blocking the growth of the native heap
# Possible solutions:
#   Reduce memory load on the system
#   Increase physical memory or swap space
#   Check if swap backing store is full
#   Decrease Java heap size (-Xmx/-Xms)
#   Decrease number of Java threads
#   Decrease Java thread stack sizes (-Xss)
#   Set larger code cache with -XX:ReservedCodeCacheSize=
#   JVM is running with Unscaled Compressed Oops mode in which the Java heap is
#     placed in the first 4GB address space. The Java Heap base address is the
#     maximum limit for the native heap growth. Please use -XX:HeapBaseMinAddress
#     to set the Java Heap base and to place the Java Heap above 4GB virtual address.
# This output file may be truncated or incomplete.
#
#  Out of Memory Error (./src/hotspot/share/memory/allocation.cpp:46), pid=9176, tid=18212
#
# JRE version: OpenJDK Runtime Environment JBR-11.0.13.7-1751.21-jcef (11.0.13+7) (build 11.0.13+7-b1751.21)
# Java VM: OpenJDK 64-Bit Server VM JBR-11.0.13.7-1751.21-jcef (11.0.13+7-b1751.21, mixed mode, tiered, compressed oops, g1 gc, windows-amd64)
# No core dump will be written. Minidumps are not enabled by default on client versions of Windows
#

---------------  S U M M A R Y ------------

Command Line: git4idea.http.GitAskPassApp Password for 'https://870416745@qq.com@gitee.com': 

Host: Intel(R) Core(TM) i5-8250U CPU @ 1.60GHz, 8 cores, 7G,  Windows 11 , 64 bit Build 22000 (10.0.22000.708)
Time: Sun Jul 24 01:49:00 2022 中国标准时间 elapsed time: 0.407464 seconds (0d 0h 0m 0s)

---------------  T H R E A D  ---------------

Current thread (0x0000015afcb06000):  VMThread "VM Thread" [stack: 0x00000013eef00000,0x00000013ef000000] [id=18212]

Stack: [0x00000013eef00000,0x00000013ef000000]
[error occurred during error reporting (printing stack bounds), id 0xc0000005, EXCEPTION_ACCESS_VIOLATION (0xc0000005) at pc=0x0000015a8000112d]

Native frames: (J=compiled Java code, j=interpreted, Vv=VM code, C=native code)
V  [jvm.dll+0x613daa]
V  [jvm.dll+0x799b30]
V  [jvm.dll+0x79b14d]
V  [jvm.dll+0x79b785]
V  [jvm.dll+0x79b73b]
V  [jvm.dll+0x612ed4]
V  [jvm.dll+0x613668]
C  [ntdll.dll+0xa8eaf]
C  [ntdll.dll+0x35e9a]
C  [ntdll.dll+0xa7ebe]
C  0x0000015a8000112d

VM_Operation (0x00000013ee9feb70): CollectForMetadataAllocation, mode: safepoint, requested by thread 0x0000015af1695000


---------------  P R O C E S S  ---------------

Threads class SMR info:
_java_thread_list=0x0000015afd53e630, length=12, elements={
0x0000015af1695000, 0x0000015afcb2a000, 0x0000015afcb33800, 0x0000015afd3ac000,
0x0000015afd3af000, 0x0000015afd3b0800, 0x0000015afd3b3800, 0x0000015afd3b4800,
0x0000015afd3b5800, 0x0000015afd53a800, 0x0000015afd5b9000, 0x0000015afd5ba000
}

Java Threads: ( => current thread )
  0x0000015af1695000 JavaThread "main" [_thread_blocked, id=7460, stack(0x00000013ee900000,0x00000013eea00000)]
  0x0000015afcb2a000 JavaThread "Reference Handler" daemon [_thread_blocked, id=11788, stack(0x00000013ef000000,0x00000013ef100000)]
  0x0000015afcb33800 JavaThread "Finalizer" daemon [_thread_blocked, id=5656, stack(0x00000013ef100000,0x00000013ef200000)]
  0x0000015afd3ac000 JavaThread "Signal Dispatcher" daemon [_thread_blocked, id=11000, stack(0x00000013ef200000,0x00000013ef300000)]
  0x0000015afd3af000 JavaThread "Attach Listener" daemon [_thread_blocked, id=18192, stack(0x00000013ef300000,0x00000013ef400000)]
  0x0000015afd3b0800 JavaThread "Service Thread" daemon [_thread_blocked, id=1724, stack(0x00000013ef400000,0x00000013ef500000)]
  0x0000015afd3b3800 JavaThread "C2 CompilerThread0" daemon [_thread_blocked, id=19208, stack(0x00000013ef500000,0x00000013ef600000)]
  0x0000015afd3b4800 JavaThread "C1 CompilerThread0" daemon [_thread_blocked, id=16400, stack(0x00000013ef600000,0x00000013ef700000)]
  0x0000015afd3b5800 JavaThread "Sweeper thread" daemon [_thread_blocked, id=15020, stack(0x00000013ef700000,0x00000013ef800000)]
  0x0000015afd53a800 JavaThread "Common-Cleaner" daemon [_thread_blocked, id=17184, stack(0x00000013ef900000,0x00000013efa00000)]
  0x0000015afd5b9000 JavaThread "C2 CompilerThread1" daemon [_thread_blocked, id=18268, stack(0x00000013efa00000,0x00000013efb00000)]
  0x0000015afd5ba000 JavaThread "C2 CompilerThread2" daemon [_thread_blocked, id=11544, stack(0x00000013efb00000,0x00000013efc00000)]

Other Threads:
=>0x0000015afcb06000 VMThread "VM Thread" [stack: 0x00000013eef00000,0x00000013ef000000] [id=18212]
  0x0000015afd530800 WatcherThread [stack: 0x00000013ef800000,0x00000013ef900000] [id=15156]
  0x0000015aef69e000 GCTaskThread "GC Thread#0" [stack: 0x00000013eea00000,0x00000013eeb00000] [id=18964]
  0x0000015afd5ec800 GCTaskThread "GC Thread#1" [stack: 0x00000013efc00000,0x00000013efd00000] [id=13996]
  0x0000015afd9e2800 GCTaskThread "GC Thread#2" [stack: 0x00000013efd00000,0x00000013efe00000] [id=14512]
  0x0000015af16da000 ConcurrentGCThread "G1 Main Marker" [stack: 0x00000013eeb00000,0x00000013eec00000] [id=11324]
  0x0000015af16db800 ConcurrentGCThread "G1 Conc#0" [stack: 0x00000013eec00000,0x00000013eed00000] [id=16428]
  0x0000015afda08800 ConcurrentGCThread "G1 Conc#1" [stack: 0x00000013efe00000,0x00000013eff00000] [id=19176]
  0x0000015afc970800 ConcurrentGCThread "G1 Refine#0" [stack: 0x00000013eed00000,0x00000013eee00000] [id=7384]
  0x0000015afc971800 ConcurrentGCThread "G1 Young RemSet Sampling" [stack: 0x00000013eee00000,0x00000013eef00000] [id=12060]

Threads with active compile tasks:

VM state:at safepoint (normal execution)

VM Mutex/Monitor currently owned by a thread:  ([mutex/lock_event])
[0x0000015af1691800] Threads_lock - owner thread: 0x0000015afcb06000
[0x0000015af1692580] Heap_lock - owner thread: 0x0000015af1695000

Heap address: 0x0000000082000000, size: 2016 MB, Compressed Oops mode: 32-bit
Narrow klass base: 0x0000000000000000, Narrow klass shift: 3
Compressed class space size: 1073741824 Address: 0x0000000100000000

Heap:
 garbage-first heap   total 129024K, used 7674K [0x0000000082000000, 0x0000000100000000)
  region size 1024K, 3 young (3072K), 3 survivors (3072K)
 Metaspace       used 7947K, capacity 8116K, committed 8192K, reserved 1075200K
  class space    used 706K, capacity 743K, committed 768K, reserved 1048576K
Heap Regions: E=young(eden), S=young(survivor), O=old, HS=humongous(starts), HC=humongous(continues), CS=collection set, F=free, A=archive, TAMS=top-at-mark-start (previous, next)
|   0|0x0000000082000000, 0x0000000082100000, 0x0000000082100000|100%|HS|  |TAMS 0x0000000082100000, 0x0000000082100000| Complete 
|   1|0x0000000082100000, 0x0000000082200000, 0x0000000082200000|100%|HC|  |TAMS 0x0000000082200000, 0x0000000082200000| Complete 
|   2|0x0000000082200000, 0x0000000082300000, 0x0000000082300000|100%|HC|  |TAMS 0x0000000082300000, 0x0000000082300000| Complete 
|   3|0x0000000082300000, 0x0000000082400000, 0x0000000082400000|100%|HC|  |TAMS 0x0000000082400000, 0x0000000082400000| Complete 
|   4|0x0000000082400000, 0x0000000082500000, 0x0000000082500000|100%|HS|  |TAMS 0x0000000082500000, 0x0000000082500000| Complete 
|   5|0x0000000082500000, 0x0000000082500000, 0x0000000082600000|  0%| F|  |TAMS 0x0000000082500000, 0x0000000082500000| Untracked 
|   6|0x0000000082600000, 0x0000000082600000, 0x0000000082700000|  0%| F|  |TAMS 0x0000000082600000, 0x0000000082600000| Untracked 
|   7|0x0000000082700000, 0x0000000082700000, 0x0000000082800000|  0%| F|  |TAMS 0x0000000082700000, 0x0000000082700000| Untracked 
|   8|0x0000000082800000, 0x0000000082800000, 0x0000000082900000|  0%| F|  |TAMS 0x0000000082800000, 0x0000000082800000| Untracked 
|   9|0x0000000082900000, 0x0000000082900000, 0x0000000082a00000|  0%| F|  |TAMS 0x0000000082900000, 0x0000000082900000| Untracked 
|  10|0x0000000082a00000, 0x0000000082a00000, 0x0000000082b00000|  0%| F|  |TAMS 0x0000000082a00000, 0x0000000082a00000| Untracked 
|  11|0x0000000082b00000, 0x0000000082b00000, 0x0000000082c00000|  0%| F|  |TAMS 0x0000000082b00000, 0x0000000082b00000| Untracked 
|  12|0x0000000082c00000, 0x0000000082c00000, 0x0000000082d00000|  0%| F|  |TAMS 0x0000000082c00000, 0x0000000082c00000| Untracked 
|  13|0x0000000082d00000, 0x0000000082d00000, 0x0000000082e00000|  0%| F|  |TAMS 0x0000000082d00000, 0x0000000082d00000| Untracked 
|  14|0x0000000082e00000, 0x0000000082e00000, 0x0000000082f00000|  0%| F|  |TAMS 0x0000000082e00000, 0x0000000082e00000| Untracked 
|  15|0x0000000082f00000, 0x0000000082f00000, 0x0000000083000000|  0%| F|  |TAMS 0x0000000082f00000, 0x0000000082f00000| Untracked 
|  16|0x0000000083000000, 0x0000000083000000, 0x0000000083100000|  0%| F|  |TAMS 0x0000000083000000, 0x0000000083000000| Untracked 
|  17|0x0000000083100000, 0x0000000083100000, 0x0000000083200000|  0%| F|  |TAMS 0x0000000083100000, 0x0000000083100000| Untracked 
|  18|0x0000000083200000, 0x0000000083200000, 0x0000000083300000|  0%| F|  |TAMS 0x0000000083200000, 0x0000000083200000| Untracked 
|  19|0x0000000083300000, 0x0000000083300000, 0x0000000083400000|  0%| F|  |TAMS 0x0000000083300000, 0x0000000083300000| Untracked 
|  20|0x0000000083400000, 0x0000000083400000, 0x0000000083500000|  0%| F|  |TAMS 0x0000000083400000, 0x0000000083400000| Untracked 
|  21|0x0000000083500000, 0x0000000083500000, 0x0000000083600000|  0%| F|  |TAMS 0x0000000083500000, 0x0000000083500000| Untracked 
|  22|0x0000000083600000, 0x0000000083600000, 0x0000000083700000|  0%| F|  |TAMS 0x0000000083600000, 0x0000000083600000| Untracked 
|  23|0x0000000083700000, 0x0000000083700000, 0x0000000083800000|  0%| F|  |TAMS 0x0000000083700000, 0x0000000083700000| Untracked 
|  24|0x0000000083800000, 0x0000000083800000, 0x0000000083900000|  0%| F|  |TAMS 0x0000000083800000, 0x0000000083800000| Untracked 
|  25|0x0000000083900000, 0x0000000083900000, 0x0000000083a00000|  0%| F|  |TAMS 0x0000000083900000, 0x0000000083900000| Untracked 
|  26|0x0000000083a00000, 0x0000000083a00000, 0x0000000083b00000|  0%| F|  |TAMS 0x0000000083a00000, 0x0000000083a00000| Untracked 
|  27|0x0000000083b00000, 0x0000000083b00000, 0x0000000083c00000|  0%| F|  |TAMS 0x0000000083b00000, 0x0000000083b00000| Untracked 
|  28|0x0000000083c00000, 0x0000000083c00000, 0x0000000083d00000|  0%| F|  |TAMS 0x0000000083c00000, 0x0000000083c00000| Untracked 
|  29|0x0000000083d00000, 0x0000000083d00000, 0x0000000083e00000|  0%| F|  |TAMS 0x0000000083d00000, 0x0000000083d00000| Untracked 
|  30|0x0000000083e00000, 0x0000000083e00000, 0x0000000083f00000|  0%| F|  |TAMS 0x0000000083e00000, 0x0000000083e00000| Untracked 
|  31|0x0000000083f00000, 0x0000000083f00000, 0x0000000084000000|  0%| F|  |TAMS 0x0000000083f00000, 0x0000000083f00000| Untracked 
|  32|0x0000000084000000, 0x0000000084000000, 0x0000000084100000|  0%| F|  |TAMS 0x0000000084000000, 0x0000000084000000| Untracked 
|  33|0x0000000084100000, 0x0000000084100000, 0x0000000084200000|  0%| F|  |TAMS 0x0000000084100000, 0x0000000084100000| Untracked 
|  34|0x0000000084200000, 0x0000000084200000, 0x0000000084300000|  0%| F|  |TAMS 0x0000000084200000, 0x0000000084200000| Untracked 
|  35|0x0000000084300000, 0x0000000084300000, 0x0000000084400000|  0%| F|  |TAMS 0x0000000084300000, 0x0000000084300000| Untracked 
|  36|0x0000000084400000, 0x0000000084400000, 0x0000000084500000|  0%| F|  |TAMS 0x0000000084400000, 0x0000000084400000| Untracked 
|  37|0x0000000084500000, 0x0000000084500000, 0x0000000084600000|  0%| F|  |TAMS 0x0000000084500000, 0x0000000084500000| Untracked 
|  38|0x0000000084600000, 0x0000000084600000, 0x0000000084700000|  0%| F|  |TAMS 0x0000000084600000, 0x0000000084600000| Untracked 
|  39|0x0000000084700000, 0x0000000084700000, 0x0000000084800000|  0%| F|  |TAMS 0x0000000084700000, 0x0000000084700000| Untracked 
|  40|0x0000000084800000, 0x0000000084800000, 0x0000000084900000|  0%| F|  |TAMS 0x0000000084800000, 0x0000000084800000| Untracked 
|  41|0x0000000084900000, 0x0000000084900000, 0x0000000084a00000|  0%| F|  |TAMS 0x0000000084900000, 0x0000000084900000| Untracked 
|  42|0x0000000084a00000, 0x0000000084a00000, 0x0000000084b00000|  0%| F|  |TAMS 0x0000000084a00000, 0x0000000084a00000| Untracked 
|  43|0x0000000084b00000, 0x0000000084b00000, 0x0000000084c00000|  0%| F|  |TAMS 0x0000000084b00000, 0x0000000084b00000| Untracked 
|  44|0x0000000084c00000, 0x0000000084c00000, 0x0000000084d00000|  0%| F|  |TAMS 0x0000000084c00000, 0x0000000084c00000| Untracked 
|  45|0x0000000084d00000, 0x0000000084d00000, 0x0000000084e00000|  0%| F|  |TAMS 0x0000000084d00000, 0x0000000084d00000| Untracked 
|  46|0x0000000084e00000, 0x0000000084e00000, 0x0000000084f00000|  0%| F|  |TAMS 0x0000000084e00000, 0x0000000084e00000| Untracked 
|  47|0x0000000084f00000, 0x0000000084f00000, 0x0000000085000000|  0%| F|  |TAMS 0x0000000084f00000, 0x0000000084f00000| Untracked 
|  48|0x0000000085000000, 0x0000000085000000, 0x0000000085100000|  0%| F|  |TAMS 0x0000000085000000, 0x0000000085000000| Untracked 
|  49|0x0000000085100000, 0x0000000085100000, 0x0000000085200000|  0%| F|  |TAMS 0x0000000085100000, 0x0000000085100000| Untracked 
|  50|0x0000000085200000, 0x0000000085200000, 0x0000000085300000|  0%| F|  |TAMS 0x0000000085200000, 0x0000000085200000| Untracked 
|  51|0x0000000085300000, 0x0000000085300000, 0x0000000085400000|  0%| F|  |TAMS 0x0000000085300000, 0x0000000085300000| Untracked 
|  52|0x0000000085400000, 0x0000000085400000, 0x0000000085500000|  0%| F|  |TAMS 0x0000000085400000, 0x0000000085400000| Untracked 
|  53|0x0000000085500000, 0x0000000085500000, 0x0000000085600000|  0%| F|  |TAMS 0x0000000085500000, 0x0000000085500000| Untracked 
|  54|0x0000000085600000, 0x0000000085600000, 0x0000000085700000|  0%| F|  |TAMS 0x0000000085600000, 0x0000000085600000| Untracked 
|  55|0x0000000085700000, 0x0000000085700000, 0x0000000085800000|  0%| F|  |TAMS 0x0000000085700000, 0x0000000085700000| Untracked 
|  56|0x0000000085800000, 0x0000000085800000, 0x0000000085900000|  0%| F|  |TAMS 0x0000000085800000, 0x0000000085800000| Untracked 
|  57|0x0000000085900000, 0x0000000085900000, 0x0000000085a00000|  0%| F|  |TAMS 0x0000000085900000, 0x0000000085900000| Untracked 
|  58|0x0000000085a00000, 0x0000000085a00000, 0x0000000085b00000|  0%| F|  |TAMS 0x0000000085a00000, 0x0000000085a00000| Untracked 
|  59|0x0000000085b00000, 0x0000000085b00000, 0x0000000085c00000|  0%| F|  |TAMS 0x0000000085b00000, 0x0000000085b00000| Untracked 
|  60|0x0000000085c00000, 0x0000000085c00000, 0x0000000085d00000|  0%| F|  |TAMS 0x0000000085c00000, 0x0000000085c00000| Untracked 
|  61|0x0000000085d00000, 0x0000000085d00000, 0x0000000085e00000|  0%| F|  |TAMS 0x0000000085d00000, 0x0000000085d00000| Untracked 
|  62|0x0000000085e00000, 0x0000000085e00000, 0x0000000085f00000|  0%| F|  |TAMS 0x0000000085e00000, 0x0000000085e00000| Untracked 
|  63|0x0000000085f00000, 0x0000000085f00000, 0x0000000086000000|  0%| F|  |TAMS 0x0000000085f00000, 0x0000000085f00000| Untracked 
|  64|0x0000000086000000, 0x0000000086000000, 0x0000000086100000|  0%| F|  |TAMS 0x0000000086000000, 0x0000000086000000| Untracked 
|  65|0x0000000086100000, 0x0000000086100000, 0x0000000086200000|  0%| F|  |TAMS 0x0000000086100000, 0x0000000086100000| Untracked 
|  66|0x0000000086200000, 0x0000000086200000, 0x0000000086300000|  0%| F|  |TAMS 0x0000000086200000, 0x0000000086200000| Untracked 
|  67|0x0000000086300000, 0x0000000086300000, 0x0000000086400000|  0%| F|  |TAMS 0x0000000086300000, 0x0000000086300000| Untracked 
|  68|0x0000000086400000, 0x0000000086400000, 0x0000000086500000|  0%| F|  |TAMS 0x0000000086400000, 0x0000000086400000| Untracked 
|  69|0x0000000086500000, 0x0000000086500000, 0x0000000086600000|  0%| F|  |TAMS 0x0000000086500000, 0x0000000086500000| Untracked 
|  70|0x0000000086600000, 0x0000000086600000, 0x0000000086700000|  0%| F|  |TAMS 0x0000000086600000, 0x0000000086600000| Untracked 
|  71|0x0000000086700000, 0x0000000086700000, 0x0000000086800000|  0%| F|  |TAMS 0x0000000086700000, 0x0000000086700000| Untracked 
|  72|0x0000000086800000, 0x0000000086800000, 0x0000000086900000|  0%| F|  |TAMS 0x0000000086800000, 0x0000000086800000| Untracked 
|  73|0x0000000086900000, 0x0000000086900000, 0x0000000086a00000|  0%| F|  |TAMS 0x0000000086900000, 0x0000000086900000| Untracked 
|  74|0x0000000086a00000, 0x0000000086a00000, 0x0000000086b00000|  0%| F|  |TAMS 0x0000000086a00000, 0x0000000086a00000| Untracked 
|  75|0x0000000086b00000, 0x0000000086b00000, 0x0000000086c00000|  0%| F|  |TAMS 0x0000000086b00000, 0x0000000086b00000| Untracked 
|  76|0x0000000086c00000, 0x0000000086c00000, 0x0000000086d00000|  0%| F|  |TAMS 0x0000000086c00000, 0x0000000086c00000| Untracked 
|  77|0x0000000086d00000, 0x0000000086d00000, 0x0000000086e00000|  0%| F|  |TAMS 0x0000000086d00000, 0x0000000086d00000| Untracked 
|  78|0x0000000086e00000, 0x0000000086e00000, 0x0000000086f00000|  0%| F|  |TAMS 0x0000000086e00000, 0x0000000086e00000| Untracked 
|  79|0x0000000086f00000, 0x0000000086f00000, 0x0000000087000000|  0%| F|  |TAMS 0x0000000086f00000, 0x0000000086f00000| Untracked 
|  80|0x0000000087000000, 0x0000000087000000, 0x0000000087100000|  0%| F|  |TAMS 0x0000000087000000, 0x0000000087000000| Untracked 
|  81|0x0000000087100000, 0x0000000087100000, 0x0000000087200000|  0%| F|  |TAMS 0x0000000087100000, 0x0000000087100000| Untracked 
|  82|0x0000000087200000, 0x0000000087200000, 0x0000000087300000|  0%| F|  |TAMS 0x0000000087200000, 0x0000000087200000| Untracked 
|  83|0x0000000087300000, 0x0000000087300000, 0x0000000087400000|  0%| F|  |TAMS 0x0000000087300000, 0x0000000087300000| Untracked 
|  84|0x0000000087400000, 0x0000000087400000, 0x0000000087500000|  0%| F|  |TAMS 0x0000000087400000, 0x0000000087400000| Untracked 
|  85|0x0000000087500000, 0x0000000087500000, 0x0000000087600000|  0%| F|  |TAMS 0x0000000087500000, 0x0000000087500000| Untracked 
|  86|0x0000000087600000, 0x0000000087600000, 0x0000000087700000|  0%| F|  |TAMS 0x0000000087600000, 0x0000000087600000| Untracked 
|  87|0x0000000087700000, 0x0000000087700000, 0x0000000087800000|  0%| F|  |TAMS 0x0000000087700000, 0x0000000087700000| Untracked 
|  88|0x0000000087800000, 0x0000000087800000, 0x0000000087900000|  0%| F|  |TAMS 0x0000000087800000, 0x0000000087800000| Untracked 
|  89|0x0000000087900000, 0x0000000087900000, 0x0000000087a00000|  0%| F|  |TAMS 0x0000000087900000, 0x0000000087900000| Untracked 
|  90|0x0000000087a00000, 0x0000000087a00000, 0x0000000087b00000|  0%| F|  |TAMS 0x0000000087a00000, 0x0000000087a00000| Untracked 
|  91|0x0000000087b00000, 0x0000000087b00000, 0x0000000087c00000|  0%| F|  |TAMS 0x0000000087b00000, 0x0000000087b00000| Untracked 
|  92|0x0000000087c00000, 0x0000000087c00000, 0x0000000087d00000|  0%| F|  |TAMS 0x0000000087c00000, 0x0000000087c00000| Untracked 
|  93|0x0000000087d00000, 0x0000000087d00000, 0x0000000087e00000|  0%| F|  |TAMS 0x0000000087d00000, 0x0000000087d00000| Untracked 
|  94|0x0000000087e00000, 0x0000000087e00000, 0x0000000087f00000|  0%| F|  |TAMS 0x0000000087e00000, 0x0000000087e00000| Untracked 
|  95|0x0000000087f00000, 0x0000000087f00000, 0x0000000088000000|  0%| F|  |TAMS 0x0000000087f00000, 0x0000000087f00000| Untracked 
|  96|0x0000000088000000, 0x0000000088000000, 0x0000000088100000|  0%| F|  |TAMS 0x0000000088000000, 0x0000000088000000| Untracked 
|  97|0x0000000088100000, 0x0000000088100000, 0x0000000088200000|  0%| F|  |TAMS 0x0000000088100000, 0x0000000088100000| Untracked 
|  98|0x0000000088200000, 0x0000000088200000, 0x0000000088300000|  0%| F|  |TAMS 0x0000000088200000, 0x0000000088200000| Untracked 
|  99|0x0000000088300000, 0x0000000088300000, 0x0000000088400000|  0%| F|  |TAMS 0x0000000088300000, 0x0000000088300000| Untracked 
| 100|0x0000000088400000, 0x0000000088400000, 0x0000000088500000|  0%| F|  |TAMS 0x0000000088400000, 0x0000000088400000| Untracked 
| 101|0x0000000088500000, 0x0000000088500000, 0x0000000088600000|  0%| F|  |TAMS 0x0000000088500000, 0x0000000088500000| Untracked 
| 102|0x0000000088600000, 0x0000000088600000, 0x0000000088700000|  0%| F|  |TAMS 0x0000000088600000, 0x0000000088600000| Untracked 
| 103|0x0000000088700000, 0x0000000088700000, 0x0000000088800000|  0%| F|  |TAMS 0x0000000088700000, 0x0000000088700000| Untracked 
| 104|0x0000000088800000, 0x0000000088800000, 0x0000000088900000|  0%| F|  |TAMS 0x0000000088800000, 0x0000000088800000| Untracked 
| 105|0x0000000088900000, 0x0000000088900000, 0x0000000088a00000|  0%| F|  |TAMS 0x0000000088900000, 0x0000000088900000| Untracked 
| 106|0x0000000088a00000, 0x0000000088a00000, 0x0000000088b00000|  0%| F|  |TAMS 0x0000000088a00000, 0x0000000088a00000| Untracked 
| 107|0x0000000088b00000, 0x0000000088b00000, 0x0000000088c00000|  0%| F|  |TAMS 0x0000000088b00000, 0x0000000088b00000| Untracked 
| 108|0x0000000088c00000, 0x0000000088c00000, 0x0000000088d00000|  0%| F|  |TAMS 0x0000000088c00000, 0x0000000088c00000| Untracked 
| 109|0x0000000088d00000, 0x0000000088d00000, 0x0000000088e00000|  0%| F|  |TAMS 0x0000000088d00000, 0x0000000088d00000| Untracked 
| 110|0x0000000088e00000, 0x0000000088e00000, 0x0000000088f00000|  0%| F|  |TAMS 0x0000000088e00000, 0x0000000088e00000| Untracked 
| 111|0x0000000088f00000, 0x0000000088f00000, 0x0000000089000000|  0%| F|  |TAMS 0x0000000088f00000, 0x0000000088f00000| Untracked 
| 112|0x0000000089000000, 0x0000000089000000, 0x0000000089100000|  0%| F|  |TAMS 0x0000000089000000, 0x0000000089000000| Untracked 
| 113|0x0000000089100000, 0x0000000089100000, 0x0000000089200000|  0%| F|  |TAMS 0x0000000089100000, 0x0000000089100000| Untracked 
| 114|0x0000000089200000, 0x0000000089200000, 0x0000000089300000|  0%| F|  |TAMS 0x0000000089200000, 0x0000000089200000| Untracked 
| 115|0x0000000089300000, 0x0000000089300000, 0x0000000089400000|  0%| F|  |TAMS 0x0000000089300000, 0x0000000089300000| Untracked 
| 116|0x0000000089400000, 0x0000000089400000, 0x0000000089500000|  0%| F|  |TAMS 0x0000000089400000, 0x0000000089400000| Untracked 
| 117|0x0000000089500000, 0x0000000089500000, 0x0000000089600000|  0%| F|  |TAMS 0x0000000089500000, 0x0000000089500000| Untracked 
| 118|0x0000000089600000, 0x0000000089600000, 0x0000000089700000|  0%| F|  |TAMS 0x0000000089600000, 0x0000000089600000| Untracked 
| 119|0x0000000089700000, 0x0000000089700000, 0x0000000089800000|  0%| F|  |TAMS 0x0000000089700000, 0x0000000089700000| Untracked 
| 120|0x0000000089800000, 0x0000000089800000, 0x0000000089900000|  0%| F|  |TAMS 0x0000000089800000, 0x0000000089800000| Untracked 
| 121|0x0000000089900000, 0x0000000089900000, 0x0000000089a00000|  0%| F|  |TAMS 0x0000000089900000, 0x0000000089900000| Untracked 
| 122|0x0000000089a00000, 0x0000000089a7eb80, 0x0000000089b00000| 49%| S|CS|TAMS 0x0000000089a00000, 0x0000000089a00000| Complete 
| 123|0x0000000089b00000, 0x0000000089c00000, 0x0000000089c00000|100%| S|CS|TAMS 0x0000000089b00000, 0x0000000089b00000| Complete 
| 124|0x0000000089c00000, 0x0000000089d00000, 0x0000000089d00000|100%| S|CS|TAMS 0x0000000089c00000, 0x0000000089c00000| Complete 
| 125|0x0000000089d00000, 0x0000000089d00000, 0x0000000089e00000|  0%| F|  |TAMS 0x0000000089d00000, 0x0000000089d00000| Untracked 

Card table byte_map: [0x0000015af59f0000,0x0000015af5de0000] _byte_map_base: 0x0000015af55e0000

Marking Bits (Prev, Next): (CMBitMap*) 0x0000015af16d1580, (CMBitMap*) 0x0000015af16d1548
 Prev Bits: [0x0000015af8150000, 0x0000015afa0d0000)
 Next Bits: [0x0000015af61d0000, 0x0000015af8150000)

Polling page: 0x0000015af0e60000

Metaspace:

Usage:
  Non-class:      7.20 MB capacity,     7.07 MB ( 98%) used,   125.58 KB (  2%) free+waste,     6.13 KB ( <1%) overhead. 
      Class:    743.00 KB capacity,   706.28 KB ( 95%) used,    34.16 KB (  5%) free+waste,     2.56 KB ( <1%) overhead. 
       Both:      7.93 MB capacity,     7.76 MB ( 98%) used,   159.73 KB (  2%) free+waste,     8.69 KB ( <1%) overhead. 

Virtual space:
  Non-class space:       26.00 MB reserved,       7.25 MB ( 28%) committed 
      Class space:        1.00 GB reserved,     768.00 KB ( <1%) committed 
             Both:        1.03 GB reserved,       8.00 MB ( <1%) committed 

Chunk freelists:
   Non-Class:  51.00 KB
       Class:  25.00 KB
        Both:  76.00 KB

MaxMetaspaceSize: 17179869184.00 GB
CompressedClassSpaceSize: 1.00 GB
Initial GC threshold: 20.80 MB
Current GC threshold: 21.45 MB
CDS: off

CodeHeap 'non-profiled nmethods': size=120000Kb used=143Kb max_used=143Kb free=119856Kb
 bounds [0x0000015a87ad0000, 0x0000015a87d40000, 0x0000015a8f000000]
CodeHeap 'profiled nmethods': size=120000Kb used=599Kb max_used=599Kb free=119400Kb
 bounds [0x0000015a805a0000, 0x0000015a80810000, 0x0000015a87ad0000]
CodeHeap 'non-nmethods': size=5760Kb used=1121Kb max_used=1130Kb free=4638Kb
 bounds [0x0000015a80000000, 0x0000015a80270000, 0x0000015a805a0000]
 total_blobs=791 nmethods=418 adapters=286
 compilation: enabled
              stopped_count=0, restarted_count=0
 full_count=0

Compilation events (20 events):
Event: 0.317 Thread 0x0000015afd3b4800  409       1       java.net.URL::getProtocol (5 bytes)
Event: 0.317 Thread 0x0000015afd3b4800 nmethod 409 0x0000015a87af3290 code [0x0000015a87af3440, 0x0000015a87af34f8]
Event: 0.317 Thread 0x0000015afd3b4800  410       1       java.lang.String::value (5 bytes)
Event: 0.317 Thread 0x0000015afd3b4800 nmethod 410 0x0000015a87af3590 code [0x0000015a87af3740, 0x0000015a87af37f8]
Event: 0.318 Thread 0x0000015afd3b4800  411       3       java.util.zip.ZipFile$Source::getEntryPos (206 bytes)
Event: 0.319 Thread 0x0000015afd3b4800 nmethod 411 0x0000015a80632d10 code [0x0000015a80632fa0, 0x0000015a80633d08]
Event: 0.319 Thread 0x0000015afd3b4800  413       3       java.nio.Buffer::position (52 bytes)
Event: 0.319 Thread 0x0000015afd3b3800  414       4       java.lang.Math::min (11 bytes)
Event: 0.319 Thread 0x0000015afd3b4800 nmethod 413 0x0000015a80634390 code [0x0000015a80634560, 0x0000015a806347c8]
Event: 0.319 Thread 0x0000015afd3b4800  416       3       java.nio.ByteBuffer::arrayOffset (35 bytes)
Event: 0.319 Thread 0x0000015afd3b3800 nmethod 414 0x0000015a87af3890 code [0x0000015a87af3a20, 0x0000015a87af3a78]
Event: 0.319 Thread 0x0000015afd3b4800 nmethod 416 0x0000015a80634890 code [0x0000015a80634a60, 0x0000015a80634cd8]
Event: 0.319 Thread 0x0000015afd3b4800  412       1       java.nio.Buffer::position (5 bytes)
Event: 0.319 Thread 0x0000015afd3b4800 nmethod 412 0x0000015a87af3b90 code [0x0000015a87af3d40, 0x0000015a87af3df8]
Event: 0.319 Thread 0x0000015afd3b4800  415       3       java.nio.Buffer::limit (65 bytes)
Event: 0.319 Thread 0x0000015afd3b4800 nmethod 415 0x0000015a80634e10 code [0x0000015a80634fe0, 0x0000015a80635288]
Event: 0.319 Thread 0x0000015afd3b4800  417       3       java.nio.CharBuffer::arrayOffset (35 bytes)
Event: 0.319 Thread 0x0000015afd3b4800 nmethod 417 0x0000015a80635390 code [0x0000015a80635560, 0x0000015a806357d8]
Event: 0.361 Thread 0x0000015afd3b4800  418       3       java.lang.ThreadLocal$ThreadLocalMap::getEntry (42 bytes)
Event: 0.361 Thread 0x0000015afd3b4800 nmethod 418 0x0000015a80635910 code [0x0000015a80635ae0, 0x0000015a80635d88]

GC Heap History (4 events):
Event: 0.309 GC heap before
{Heap before GC invocations=0 (full 0):
 garbage-first heap   total 129024K, used 13312K [0x0000000082000000, 0x0000000100000000)
  region size 1024K, 10 young (10240K), 0 survivors (0K)
 Metaspace       used 7412K, capacity 7572K, committed 7680K, reserved 1062912K
  class space    used 657K, capacity 711K, committed 768K, reserved 1048576K
}
Event: 0.312 GC heap after
{Heap after GC invocations=1 (full 0):
 garbage-first heap   total 129024K, used 7444K [0x0000000082000000, 0x0000000100000000)
  region size 1024K, 3 young (3072K), 3 survivors (3072K)
 Metaspace       used 7412K, capacity 7572K, committed 7680K, reserved 1062912K
  class space    used 657K, capacity 711K, committed 768K, reserved 1048576K
}
Event: 0.364 GC heap before
{Heap before GC invocations=2 (full 0):
 garbage-first heap   total 129024K, used 7444K [0x0000000082000000, 0x0000000100000000)
  region size 1024K, 4 young (4096K), 3 survivors (3072K)
 Metaspace       used 7947K, capacity 8116K, committed 8192K, reserved 1073152K
  class space    used 706K, capacity 743K, committed 768K, reserved 1048576K
}
Event: 0.370 GC heap after
{Heap after GC invocations=3 (full 0):
 garbage-first heap   total 129024K, used 7674K [0x0000000082000000, 0x0000000100000000)
  region size 1024K, 3 young (3072K), 3 survivors (3072K)
 Metaspace       used 7947K, capacity 8116K, committed 8192K, reserved 1073152K
  class space    used 706K, capacity 743K, committed 768K, reserved 1048576K
}

Deoptimization events (20 events):
Event: 0.235 Thread 0x0000015af1695000 DEOPT PACKING pc=0x0000015a805cdca8 sp=0x00000013ee9fcf70
Event: 0.235 Thread 0x0000015af1695000 DEOPT UNPACKING pc=0x0000015a8004a95e sp=0x00000013ee9fc440 mode 0
Event: 0.235 Thread 0x0000015af1695000 DEOPT PACKING pc=0x0000015a805cdca8 sp=0x00000013ee9fcf70
Event: 0.235 Thread 0x0000015af1695000 DEOPT UNPACKING pc=0x0000015a8004a95e sp=0x00000013ee9fc440 mode 0
Event: 0.235 Thread 0x0000015af1695000 DEOPT PACKING pc=0x0000015a805cdca8 sp=0x00000013ee9fcf70
Event: 0.235 Thread 0x0000015af1695000 DEOPT UNPACKING pc=0x0000015a8004a95e sp=0x00000013ee9fc440 mode 0
Event: 0.236 Thread 0x0000015af1695000 DEOPT PACKING pc=0x0000015a805cdca8 sp=0x00000013ee9fcf70
Event: 0.236 Thread 0x0000015af1695000 DEOPT UNPACKING pc=0x0000015a8004a95e sp=0x00000013ee9fc440 mode 0
Event: 0.237 Thread 0x0000015af1695000 Uncommon trap: trap_request=0xffffff4d fr.pc=0x0000015a87ae747c relative=0x000000000000015c
Event: 0.237 Thread 0x0000015af1695000 Uncommon trap: reason=unstable_if action=reinterpret pc=0x0000015a87ae747c method=java.lang.ThreadLocal$ThreadLocalMap.getEntry(Ljava/lang/ThreadLocal;)Ljava/lang/ThreadLocal$ThreadLocalMap$Entry; @ 21 c2
Event: 0.237 Thread 0x0000015af1695000 DEOPT PACKING pc=0x0000015a87ae747c sp=0x00000013ee9fee20
Event: 0.237 Thread 0x0000015af1695000 DEOPT UNPACKING pc=0x0000015a8004a1af sp=0x00000013ee9fed68 mode 2
Event: 0.283 Thread 0x0000015af1695000 Uncommon trap: trap_request=0xffffff4d fr.pc=0x0000015a87ae90e0 relative=0x0000000000000140
Event: 0.283 Thread 0x0000015af1695000 Uncommon trap: reason=unstable_if action=reinterpret pc=0x0000015a87ae90e0 method=java.lang.ThreadLocal$ThreadLocalMap.getEntry(Ljava/lang/ThreadLocal;)Ljava/lang/ThreadLocal$ThreadLocalMap$Entry; @ 21 c2
Event: 0.283 Thread 0x0000015af1695000 DEOPT PACKING pc=0x0000015a87ae90e0 sp=0x00000013ee9fb8d0
Event: 0.283 Thread 0x0000015af1695000 DEOPT UNPACKING pc=0x0000015a8004a1af sp=0x00000013ee9fb880 mode 2
Event: 0.308 Thread 0x0000015af1695000 Uncommon trap: trap_request=0xffffff4d fr.pc=0x0000015a87adf31c relative=0x000000000000007c
Event: 0.308 Thread 0x0000015af1695000 Uncommon trap: reason=unstable_if action=reinterpret pc=0x0000015a87adf31c method=java.lang.String.charAt(I)C @ 4 c2
Event: 0.308 Thread 0x0000015af1695000 DEOPT PACKING pc=0x0000015a87adf31c sp=0x00000013ee9fe130
Event: 0.308 Thread 0x0000015af1695000 DEOPT UNPACKING pc=0x0000015a8004a1af sp=0x00000013ee9fe0d0 mode 2

Classes redefined (0 events):
No events

Internal exceptions (2 events):
Event: 0.237 Thread 0x0000015af1695000 Implicit null exception at 0x0000015a87ae7376 to 0x0000015a87ae745c
Event: 0.283 Thread 0x0000015af1695000 Implicit null exception at 0x0000015a87ae8fef to 0x0000015a87ae90c4

Events (20 events):
Event: 0.358 loading class java/util/Properties$LineReader done
Event: 0.359 loading class sun/net/spi/DefaultProxySelector$NonProxyInfo
Event: 0.359 loading class sun/net/spi/DefaultProxySelector$NonProxyInfo done
Event: 0.359 loading class sun/net/spi/DefaultProxySelector$4
Event: 0.359 loading class sun/net/spi/DefaultProxySelector$4 done
Event: 0.359 loading class sun/net/NetHooks
Event: 0.359 loading class sun/net/NetHooks done
Event: 0.360 loading class java/net/Socket$3
Event: 0.360 loading class java/net/Socket$3 done
Event: 0.360 loading class java/net/SocketOutputStream
Event: 0.360 loading class java/net/SocketOutputStream done
Event: 0.360 loading class java/net/Socket$2
Event: 0.360 loading class java/net/Socket$2 done
Event: 0.360 loading class java/net/SocketInputStream
Event: 0.360 loading class java/net/SocketInputStream done
Event: 0.363 loading class org/xml/sax/InputSource
Event: 0.363 loading class org/xml/sax/InputSource done
Event: 0.363 loading class sun/nio/cs/StreamDecoder
Event: 0.363 loading class sun/nio/cs/StreamDecoder done
Event: 0.364 Executing VM operation: CollectForMetadataAllocation


Dynamic libraries:
0x00007ff731c30000 - 0x00007ff731c3a000 	D:\Program Files\JetBrains\WebStorm 2021.3.1\jbr\bin\java.exe
0x00007ffea9e00000 - 0x00007ffeaa009000 	C:\WINDOWS\SYSTEM32\ntdll.dll
0x00007ffea94b0000 - 0x00007ffea956d000 	C:\WINDOWS\System32\KERNEL32.DLL
0x00007ffea7910000 - 0x00007ffea7c89000 	C:\WINDOWS\System32\KERNELBASE.dll
0x00007ffea4620000 - 0x00007ffea46b1000 	C:\WINDOWS\SYSTEM32\apphelp.dll
0x00007ffea7310000 - 0x00007ffea7421000 	C:\WINDOWS\System32\ucrtbase.dll
0x00007ffea2e90000 - 0x00007ffea2ea9000 	D:\Program Files\JetBrains\WebStorm 2021.3.1\jbr\bin\jli.dll
0x00007ffea2e70000 - 0x00007ffea2e87000 	D:\Program Files\JetBrains\WebStorm 2021.3.1\jbr\bin\VCRUNTIME140.dll
0x00007ffea9730000 - 0x00007ffea98dc000 	C:\WINDOWS\System32\USER32.dll
0x00007ffea72e0000 - 0x00007ffea7306000 	C:\WINDOWS\System32\win32u.dll
0x00007ffea7cd0000 - 0x00007ffea7cf9000 	C:\WINDOWS\System32\GDI32.dll
0x00007ffea7560000 - 0x00007ffea7672000 	C:\WINDOWS\System32\gdi32full.dll
0x00007ffe963f0000 - 0x00007ffe96695000 	C:\WINDOWS\WinSxS\amd64_microsoft.windows.common-controls_6595b64144ccf1df_6.0.22000.120_none_9d947278b86cc467\COMCTL32.dll
0x00007ffea7680000 - 0x00007ffea771d000 	C:\WINDOWS\System32\msvcp_win.dll
0x00007ffea7dc0000 - 0x00007ffea7e63000 	C:\WINDOWS\System32\msvcrt.dll
0x00007ffea7c90000 - 0x00007ffea7cc1000 	C:\WINDOWS\System32\IMM32.DLL
0x00007ffe8b9f0000 - 0x00007ffe8ba8d000 	D:\Program Files\JetBrains\WebStorm 2021.3.1\jbr\bin\msvcp140.dll
0x00007ffe4ab50000 - 0x00007ffe4b6c6000 	D:\Program Files\JetBrains\WebStorm 2021.3.1\jbr\bin\server\jvm.dll
0x00007ffea8000000 - 0x00007ffea80ae000 	C:\WINDOWS\System32\ADVAPI32.dll
0x00007ffea80b0000 - 0x00007ffea814e000 	C:\WINDOWS\System32\sechost.dll
0x00007ffea8b40000 - 0x00007ffea8c60000 	C:\WINDOWS\System32\RPCRT4.dll
0x00007ffea8e20000 - 0x00007ffea8e28000 	C:\WINDOWS\System32\PSAPI.DLL
0x00007ffe95180000 - 0x00007ffe95189000 	C:\WINDOWS\SYSTEM32\WSOCK32.dll
0x00007ffea9d50000 - 0x00007ffea9dbf000 	C:\WINDOWS\System32\WS2_32.dll
0x00007ffea0f40000 - 0x00007ffea0f73000 	C:\WINDOWS\SYSTEM32\WINMM.dll
0x00007ffe9fbf0000 - 0x00007ffe9fbfa000 	C:\WINDOWS\SYSTEM32\VERSION.dll
0x00007ffea64d0000 - 0x00007ffea64e8000 	C:\WINDOWS\SYSTEM32\kernel.appcore.dll
0x00007ffe95160000 - 0x00007ffe95171000 	D:\Program Files\JetBrains\WebStorm 2021.3.1\jbr\bin\verify.dll
0x00007ffea5a70000 - 0x00007ffea5c91000 	C:\WINDOWS\SYSTEM32\DBGHELP.DLL
0x00007ffe91f10000 - 0x00007ffe91f41000 	C:\WINDOWS\SYSTEM32\dbgcore.DLL
0x00007ffea7720000 - 0x00007ffea779f000 	C:\WINDOWS\System32\bcryptPrimitives.dll
0x00007ffe95130000 - 0x00007ffe95159000 	D:\Program Files\JetBrains\WebStorm 2021.3.1\jbr\bin\java.dll
0x00007ffe95120000 - 0x00007ffe9512b000 	D:\Program Files\JetBrains\WebStorm 2021.3.1\jbr\bin\jimage.dll
0x00007ffe95100000 - 0x00007ffe95118000 	D:\Program Files\JetBrains\WebStorm 2021.3.1\jbr\bin\zip.dll
0x00007ffea8150000 - 0x00007ffea8908000 	C:\WINDOWS\System32\SHELL32.dll
0x00007ffea5200000 - 0x00007ffea5a67000 	C:\WINDOWS\SYSTEM32\windows.storage.dll
0x00007ffea8ff0000 - 0x00007ffea9369000 	C:\WINDOWS\System32\combase.dll
0x00007ffea5090000 - 0x00007ffea51f6000 	C:\WINDOWS\SYSTEM32\wintypes.dll
0x00007ffea8a50000 - 0x00007ffea8b3a000 	C:\WINDOWS\System32\SHCORE.dll
0x00007ffea7d60000 - 0x00007ffea7dbd000 	C:\WINDOWS\System32\shlwapi.dll
0x00007ffea7210000 - 0x00007ffea7231000 	C:\WINDOWS\SYSTEM32\profapi.dll
0x00007ffe950e0000 - 0x00007ffe950fa000 	D:\Program Files\JetBrains\WebStorm 2021.3.1\jbr\bin\net.dll
0x00007ffea0720000 - 0x00007ffea082c000 	C:\WINDOWS\SYSTEM32\WINHTTP.dll
0x00007ffea6900000 - 0x00007ffea6967000 	C:\WINDOWS\system32\mswsock.dll
0x00007ffe950c0000 - 0x00007ffe950d4000 	D:\Program Files\JetBrains\WebStorm 2021.3.1\jbr\bin\nio.dll

dbghelp: loaded successfully - version: 4.0.5 - missing functions: none
symbol engine: initialized successfully - sym options: 0x614 - pdb path: .;D:\Program Files\JetBrains\WebStorm 2021.3.1\jbr\bin;C:\WINDOWS\SYSTEM32;C:\WINDOWS\WinSxS\amd64_microsoft.windows.common-controls_6595b64144ccf1df_6.0.22000.120_none_9d947278b86cc467;D:\Program Files\JetBrains\WebStorm 2021.3.1\jbr\bin\server

VM Arguments:
java_command: git4idea.http.GitAskPassApp Password for 'https://870416745@qq.com@gitee.com': 
java_class_path (initial): D:/Program Files/JetBrains/WebStorm 2021.3.1/plugins/git4idea/lib/git4idea-rt.jar;D:/Program Files/JetBrains/WebStorm 2021.3.1/lib/3rd-party.jar;D:/Program Files/JetBrains/WebStorm 2021.3.1/lib/3rd-party-rt.jar
Launcher Type: SUN_STANDARD

[Global flags]
     intx CICompilerCount                          = 4                                         {product} {ergonomic}
     uint ConcGCThreads                            = 2                                         {product} {ergonomic}
     uint G1ConcRefinementThreads                  = 8                                         {product} {ergonomic}
   size_t G1HeapRegionSize                         = 1048576                                   {product} {ergonomic}
    uintx GCDrainStackTargetSize                   = 64                                        {product} {ergonomic}
   size_t InitialHeapSize                          = 132120576                                 {product} {ergonomic}
   size_t MarkStackSize                            = 4194304                                   {product} {ergonomic}
   size_t MaxHeapSize                              = 2113929216                                {product} {ergonomic}
   size_t MaxNewSize                               = 1267728384                                {product} {ergonomic}
   size_t MinHeapDeltaBytes                        = 1048576                                   {product} {ergonomic}
    uintx NonNMethodCodeHeapSize                   = 5836300                                {pd product} {ergonomic}
    uintx NonProfiledCodeHeapSize                  = 122910970                              {pd product} {ergonomic}
    uintx ProfiledCodeHeapSize                     = 122910970                              {pd product} {ergonomic}
    uintx ReservedCodeCacheSize                    = 251658240                              {pd product} {ergonomic}
     bool SegmentedCodeCache                       = true                                      {product} {ergonomic}
     bool UseCompressedClassPointers               = true                                 {lp64_product} {ergonomic}
     bool UseCompressedOops                        = true                                 {lp64_product} {ergonomic}
     bool UseG1GC                                  = true                                      {product} {ergonomic}
     bool UseLargePagesIndividualAllocation        = false                                  {pd product} {ergonomic}

Logging:
Log output configuration:
 #0: stdout all=warning uptime,level,tags
 #1: stderr all=off uptime,level,tags

Environment Variables:
PATH=E:\Program Files\Git\mingw64\libexec\git-core;E:\Program Files\Git\mingw64\libexec\git-core;E:\Program Files\Git\mingw64\bin;E:\Program Files\Git\usr\bin;C:\Users\87041\bin;C:\Program Files (x86)\Intel\Intel(R) Management Engine Components\iCLS;C:\Program Files\Intel\Intel(R) Management Engine Components\iCLS;C:\Windows\system32;C:\Windows;C:\Windows\System32\Wbem;C:\Windows\System32\WindowsPowerShell\v1.0;C:\Program Files (x86)\Intel\Intel(R) Management Engine Components\DAL;C:\Program Files\Intel\Intel(R) Management Engine Components\DAL;C:\Program Files (x86)\Intel\Intel(R) Management Engine Components\IPT;C:\Program Files\Intel\Intel(R) Management Engine Components\IPT;C:\Program Files (x86)\NVIDIA Corporation\PhysX\Common;C:\WINDOWS\system32;C:\WINDOWS;C:\WINDOWS\System32\Wbem;C:\WINDOWS\System32\WindowsPowerShell\v1.0;C:\WINDOWS\System32\OpenSSH;E:\Program Files\Git\cmd;E:\Program Files\TortoiseSVN\bin;E:\Program Files\nodejs;C:\Users\87041\AppData\Local\Microsoft\WindowsApps;E:\Users\87041\AppData\Local\Programs\Microsoft VS Code\bin;C:\Users\87041\AppData\Local\BypassRuntm;E:\LLLLLLLLLLLLLLLLLLLLLLLLLLLLLLLLLLLLLLLLLLLLLLLLLLLL\软件\webstorm\WebStorm 2019.2.4\bin;E:\Program Files\Git\usr\bin;E:\Program Files\Git\mingw64\bin;E:\Program Files\Git\cmd;C:\Users\87041\AppData\Local\Microsoft\WindowsApps;C:\Users\87041\AppData\Roaming\npm
USERNAME=87041
DISPLAY=:0.0
LC_ALL=en_US.UTF-8
OS=Windows_NT
PROCESSOR_IDENTIFIER=Intel64 Family 6 Model 142 Stepping 10, GenuineIntel



---------------  S Y S T E M  ---------------

OS: Windows 11 , 64 bit Build 22000 (10.0.22000.708)
OS uptime: 0 days 12:13 hours

CPU:total 8 (initial active 8) (4 cores per cpu, 2 threads per core) family 6 model 142 stepping 10 microcode 0xe0, cmov, cx8, fxsr, mmx, sse, sse2, sse3, ssse3, sse4.1, sse4.2, popcnt, avx, avx2, aes, clmul, erms, 3dnowpref, lzcnt, ht, tsc, tscinvbit, bmi1, bmi2, adx, fma

Memory: 4k page, system-wide physical 8058M (1597M free)
TotalPageFile size 23172M (AvailPageFile size 2M)
current process WorkingSet (physical memory assigned to process): 62M, peak: 62M
current process commit charge ("private bytes"): 209M, peak: 210M

vm_info: OpenJDK 64-Bit Server VM (11.0.13+7-b1751.21) for windows-amd64 JRE (11.0.13+7-b1751.21), built on Nov 30 2021 02:32:50 by "" with MS VC++ 14.0 (VS2015)

END.
